[ 2017-09-09T17:51:08+08:00 ] ::1 /databasework/
INFO: [ app_init ] --START--
INFO: Run Behavior\BuildLiteBehavior [ RunTime:0.000027s ]
INFO: [ app_init ] --END-- [ RunTime:0.039146s ]
INFO: [ app_begin ] --START--
INFO: Run Behavior\ReadHtmlCacheBehavior [ RunTime:0.051351s ]
INFO: [ app_begin ] --END-- [ RunTime:0.051444s ]
NOTIC: [2] Missing argument 1 for Think\Controller::show(), called in E:\phpstudy\WWW\databasework\Application\Home\Controller\IndexController.class.php on line 6 and defined E:\phpstudy\WWW\databasework\ThinkPHP\Library\Think\Controller.class.php 第 68 行.
NOTIC: [8] Undefined variable: content E:\phpstudy\WWW\databasework\ThinkPHP\Library\Think\Controller.class.php 第 69 行.
INFO: [ view_parse ] --START--
INFO: [ template_filter ] --START--
INFO: Run Behavior\ContentReplaceBehavior [ RunTime:0.002633s ]
INFO: [ template_filter ] --END-- [ RunTime:0.002703s ]
INFO: Run Behavior\ParseTemplateBehavior [ RunTime:0.238674s ]
INFO: [ view_parse ] --END-- [ RunTime:0.238724s ]
INFO: [ view_filter ] --START--
INFO: Run Behavior\WriteHtmlCacheBehavior [ RunTime:0.023451s ]
INFO: [ view_filter ] --END-- [ RunTime:0.023510s ]
INFO: [ app_end ] --START--
INFO: Run Behavior\ShowPageTraceBehavior [ RunTime:0.025689s ]
INFO: [ app_end ] --END-- [ RunTime:0.025743s ]

[ 2017-09-09T17:51:34+08:00 ] ::1 /databasework/
INFO: [ app_init ] --START--
INFO: Run Behavior\BuildLiteBehavior [ RunTime:0.000024s ]
INFO: [ app_init ] --END-- [ RunTime:0.001438s ]
INFO: [ app_begin ] --START--
INFO: Run Behavior\ReadHtmlCacheBehavior [ RunTime:0.000590s ]
INFO: [ app_begin ] --END-- [ RunTime:0.000637s ]
NOTIC: [2] Missing argument 1 for Think\Controller::show(), called in E:\phpstudy\WWW\databasework\Application\Home\Controller\IndexController.class.php on line 6 and defined E:\phpstudy\WWW\databasework\ThinkPHP\Library\Think\Controller.class.php 第 68 行.
NOTIC: [8] Undefined variable: content E:\phpstudy\WWW\databasework\ThinkPHP\Library\Think\Controller.class.php 第 69 行.
INFO: [ view_parse ] --START--
INFO: [ template_filter ] --START--
INFO: Run Behavior\ContentReplaceBehavior [ RunTime:0.000047s ]
INFO: [ template_filter ] --END-- [ RunTime:0.000093s ]
INFO: Run Behavior\ParseTemplateBehavior [ RunTime:0.008540s ]
INFO: [ view_parse ] --END-- [ RunTime:0.008600s ]
INFO: [ view_filter ] --START--
INFO: Run Behavior\WriteHtmlCacheBehavior [ RunTime:0.000393s ]
INFO: [ view_filter ] --END-- [ RunTime:0.000440s ]
INFO: [ app_end ] --START--
INFO: Run Behavior\ShowPageTraceBehavior [ RunTime:0.000537s ]
INFO: [ app_end ] --END-- [ RunTime:0.000584s ]

