[ 2017-12-12T02:04:08+08:00 ] 40.77.167.96 /
INFO: [ app_init ] --START--
INFO: Run Behavior\BuildLiteBehavior [ RunTime:0.000011s ]
INFO: [ app_init ] --END-- [ RunTime:0.000221s ]
INFO: [ app_begin ] --START--
INFO: Run Behavior\ReadHtmlCacheBehavior [ RunTime:0.000283s ]
INFO: [ app_begin ] --END-- [ RunTime:0.000316s ]
INFO: [ view_parse ] --START--
INFO: [ template_filter ] --START--
INFO: Run Behavior\ContentReplaceBehavior [ RunTime:0.000037s ]
INFO: [ template_filter ] --END-- [ RunTime:0.000073s ]
INFO: Run Behavior\ParseTemplateBehavior [ RunTime:0.004040s ]
INFO: [ view_parse ] --END-- [ RunTime:0.004073s ]
INFO: [ view_filter ] --START--
INFO: Run Behavior\WriteHtmlCacheBehavior [ RunTime:0.000088s ]
INFO: [ view_filter ] --END-- [ RunTime:0.000113s ]
INFO: [ app_end ] --START--
INFO: Run Behavior\ShowPageTraceBehavior [ RunTime:0.000277s ]
INFO: [ app_end ] --END-- [ RunTime:0.000315s ]

[ 2017-12-12T02:04:13+08:00 ] 40.77.167.20 /index.php/Home/Home/!-PUBLIC-!/Css/page.css
INFO: [ app_init ] --START--
INFO: Run Behavior\BuildLiteBehavior [ RunTime:0.000011s ]
INFO: [ app_init ] --END-- [ RunTime:0.000246s ]
INFO: [ app_begin ] --START--
INFO: Run Behavior\ReadHtmlCacheBehavior [ RunTime:0.000279s ]
INFO: [ app_begin ] --END-- [ RunTime:0.000314s ]
ERR: 非法操作:!-PUBLIC-!

[ 2017-12-12T10:07:11+08:00 ] 106.11.227.242 /
INFO: [ app_init ] --START--
INFO: Run Behavior\BuildLiteBehavior [ RunTime:0.000012s ]
INFO: [ app_init ] --END-- [ RunTime:0.000258s ]
INFO: [ app_begin ] --START--
INFO: Run Behavior\ReadHtmlCacheBehavior [ RunTime:0.000290s ]
INFO: [ app_begin ] --END-- [ RunTime:0.000327s ]
INFO: [ view_parse ] --START--
INFO: [ template_filter ] --START--
INFO: Run Behavior\ContentReplaceBehavior [ RunTime:0.000030s ]
INFO: [ template_filter ] --END-- [ RunTime:0.000069s ]
INFO: Run Behavior\ParseTemplateBehavior [ RunTime:0.004273s ]
INFO: [ view_parse ] --END-- [ RunTime:0.004319s ]
INFO: [ view_filter ] --START--
INFO: Run Behavior\WriteHtmlCacheBehavior [ RunTime:0.000094s ]
INFO: [ view_filter ] --END-- [ RunTime:0.000120s ]
INFO: [ app_end ] --START--
INFO: Run Behavior\ShowPageTraceBehavior [ RunTime:0.000302s ]
INFO: [ app_end ] --END-- [ RunTime:0.000337s ]

[ 2017-12-12T15:11:29+08:00 ] 40.77.167.65 /index.php/Home/Home/wenzhang.html
INFO: [ app_init ] --START--
INFO: Run Behavior\BuildLiteBehavior [ RunTime:0.000011s ]
INFO: [ app_init ] --END-- [ RunTime:0.000245s ]
INFO: [ app_begin ] --START--
INFO: Run Behavior\ReadHtmlCacheBehavior [ RunTime:0.000283s ]
INFO: [ app_begin ] --END-- [ RunTime:0.000318s ]
SQL: SHOW COLUMNS FROM `users` [ RunTime:0.0020s ]
SQL: SHOW COLUMNS FROM `essay` [ RunTime:0.0018s ]
NOTIC: [8] Undefined index: p /phpstudy/www/www.wayofun.com/Application/Home/Controller/HomeController.class.php 第 92 行.
SQL: SELECT * FROM `essay` RIGHT JOIN users ON essay.uid = users.id  WHERE `status` = '1' AND `is_promit` = '1' AND `kind` = '2' ORDER BY create_time desc LIMIT 0,10   [ RunTime:0.0020s ]
SQL: SELECT * FROM `essay` WHERE `status` = 1 AND `is_promit` = 1 ORDER BY create_time desc LIMIT 8   [ RunTime:0.0016s ]
SQL: SELECT COUNT(*) AS tp_count FROM `essay` WHERE `status` = 1 AND `is_promit` = 1 AND `kind` = '2' LIMIT 1   [ RunTime:0.0016s ]
INFO: [ view_parse ] --START--
INFO: [ template_filter ] --START--
INFO: Run Behavior\ContentReplaceBehavior [ RunTime:0.000040s ]
INFO: [ template_filter ] --END-- [ RunTime:0.000073s ]
NOTIC: [8] Undefined variable: url /phpstudy/www/www.wayofun.com/Application/Runtime/Cache/Home/cf5506bc6bba235ce07a25d3d4d1009d.php 第 368 行.
NOTIC: [8] Undefined variable: url /phpstudy/www/www.wayofun.com/Application/Runtime/Cache/Home/cf5506bc6bba235ce07a25d3d4d1009d.php 第 369 行.
NOTIC: [8] Undefined variable: login /phpstudy/www/www.wayofun.com/Application/Runtime/Cache/Home/cf5506bc6bba235ce07a25d3d4d1009d.php 第 371 行.
NOTIC: [8] Undefined variable: login /phpstudy/www/www.wayofun.com/Application/Runtime/Cache/Home/cf5506bc6bba235ce07a25d3d4d1009d.php 第 375 行.
NOTIC: [8] Undefined variable: login /phpstudy/www/www.wayofun.com/Application/Runtime/Cache/Home/cf5506bc6bba235ce07a25d3d4d1009d.php 第 377 行.
INFO: Run Behavior\ParseTemplateBehavior [ RunTime:0.006768s ]
INFO: [ view_parse ] --END-- [ RunTime:0.006802s ]
INFO: [ view_filter ] --START--
INFO: Run Behavior\WriteHtmlCacheBehavior [ RunTime:0.000100s ]
INFO: [ view_filter ] --END-- [ RunTime:0.000126s ]
INFO: [ app_end ] --START--
INFO: Run Behavior\ShowPageTraceBehavior [ RunTime:0.000318s ]
INFO: [ app_end ] --END-- [ RunTime:0.000353s ]

[ 2017-12-12T15:41:59+08:00 ] 207.46.13.87 /index.php/Home/Home/
INFO: [ app_init ] --START--
INFO: Run Behavior\BuildLiteBehavior [ RunTime:0.000010s ]
INFO: [ app_init ] --END-- [ RunTime:0.000223s ]
INFO: [ app_begin ] --START--
INFO: Run Behavior\ReadHtmlCacheBehavior [ RunTime:0.000289s ]
INFO: [ app_begin ] --END-- [ RunTime:0.000323s ]
NOTIC: [8] Undefined index: username /phpstudy/www/www.wayofun.com/Application/Home/Controller/HomeController.class.php 第 6 行.
NOTIC: [8] Undefined index: password /phpstudy/www/www.wayofun.com/Application/Home/Controller/HomeController.class.php 第 7 行.
SQL: SHOW COLUMNS FROM `users` [ RunTime:0.0021s ]
INFO: [ app_end ] --START--
INFO: Run Behavior\ShowPageTraceBehavior [ RunTime:0.000334s ]
INFO: [ app_end ] --END-- [ RunTime:0.000369s ]

[ 2017-12-12T15:55:53+08:00 ] 117.27.153.100 /
INFO: [ app_init ] --START--
INFO: Run Behavior\BuildLiteBehavior [ RunTime:0.000011s ]
INFO: [ app_init ] --END-- [ RunTime:0.000221s ]
INFO: [ app_begin ] --START--
INFO: Run Behavior\ReadHtmlCacheBehavior [ RunTime:0.000298s ]
INFO: [ app_begin ] --END-- [ RunTime:0.000332s ]
INFO: [ view_parse ] --START--
INFO: [ template_filter ] --START--
INFO: Run Behavior\ContentReplaceBehavior [ RunTime:0.000032s ]
INFO: [ template_filter ] --END-- [ RunTime:0.000067s ]
INFO: Run Behavior\ParseTemplateBehavior [ RunTime:0.004111s ]
INFO: [ view_parse ] --END-- [ RunTime:0.004144s ]
INFO: [ view_filter ] --START--
INFO: Run Behavior\WriteHtmlCacheBehavior [ RunTime:0.000088s ]
INFO: [ view_filter ] --END-- [ RunTime:0.000113s ]
INFO: [ app_end ] --START--
INFO: Run Behavior\ShowPageTraceBehavior [ RunTime:0.000298s ]
INFO: [ app_end ] --END-- [ RunTime:0.000328s ]

[ 2017-12-12T16:42:47+08:00 ] 13.56.229.65 /
INFO: [ app_init ] --START--
INFO: Run Behavior\BuildLiteBehavior [ RunTime:0.000012s ]
INFO: [ app_init ] --END-- [ RunTime:0.000225s ]
INFO: [ app_begin ] --START--
INFO: Run Behavior\ReadHtmlCacheBehavior [ RunTime:0.000278s ]
INFO: [ app_begin ] --END-- [ RunTime:0.000313s ]
INFO: [ view_parse ] --START--
INFO: [ template_filter ] --START--
INFO: Run Behavior\ContentReplaceBehavior [ RunTime:0.000034s ]
INFO: [ template_filter ] --END-- [ RunTime:0.000070s ]
INFO: Run Behavior\ParseTemplateBehavior [ RunTime:0.004274s ]
INFO: [ view_parse ] --END-- [ RunTime:0.004309s ]
INFO: [ view_filter ] --START--
INFO: Run Behavior\WriteHtmlCacheBehavior [ RunTime:0.000095s ]
INFO: [ view_filter ] --END-- [ RunTime:0.000121s ]
INFO: [ app_end ] --START--
INFO: Run Behavior\ShowPageTraceBehavior [ RunTime:0.000303s ]
INFO: [ app_end ] --END-- [ RunTime:0.000334s ]

[ 2017-12-12T19:10:23+08:00 ] 40.77.167.132 /index.php/Home/Home/edit.html
INFO: [ app_init ] --START--
INFO: Run Behavior\BuildLiteBehavior [ RunTime:0.000011s ]
INFO: [ app_init ] --END-- [ RunTime:0.000226s ]
INFO: [ app_begin ] --START--
INFO: Run Behavior\ReadHtmlCacheBehavior [ RunTime:0.000279s ]
INFO: [ app_begin ] --END-- [ RunTime:0.000316s ]
SQL: SHOW COLUMNS FROM `users` [ RunTime:0.0021s ]
ERR: 1064:You have an error in your SQL syntax; check the manual that corresponds to your MySQL server version for the right syntax to use near ')' at line 1
 [ SQL语句 ] : SELECT * FROM `users` WHERE ( id= ) 
ERR: 1064:You have an error in your SQL syntax; check the manual that corresponds to your MySQL server version for the right syntax to use near ')' at line 1
 [ SQL语句 ] : SELECT * FROM `users` WHERE ( id= ) 

