[ 2017-12-07T02:05:14+08:00 ] 106.11.156.219 /index.php/Home/Home/home.html
INFO: [ app_init ] --START--
INFO: Run Behavior\BuildLiteBehavior [ RunTime:0.000011s ]
INFO: [ app_init ] --END-- [ RunTime:0.000229s ]
INFO: [ app_begin ] --START--
INFO: Run Behavior\ReadHtmlCacheBehavior [ RunTime:0.000276s ]
INFO: [ app_begin ] --END-- [ RunTime:0.000310s ]
NOTIC: [8] Undefined index: sreach /phpstudy/www/www.wayofun.com/Application/Home/Controller/HomeController.class.php 第 125 行.
SQL: SHOW COLUMNS FROM `users` [ RunTime:0.0020s ]
SQL: SHOW COLUMNS FROM `essay` [ RunTime:0.0018s ]
NOTIC: [8] Undefined index: p /phpstudy/www/www.wayofun.com/Application/Home/Controller/HomeController.class.php 第 143 行.
SQL: SELECT * FROM `essay` RIGHT JOIN users ON essay.uid = users.id  WHERE `status` = '1' AND `is_promit` = '1' ORDER BY create_time desc LIMIT 0,10   [ RunTime:0.0021s ]
SQL: SELECT * FROM `essay` WHERE `status` = 1 AND `is_promit` = 1 ORDER BY create_time desc LIMIT 8   [ RunTime:0.0016s ]
SQL: SELECT COUNT(*) AS tp_count FROM `essay` WHERE `status` = 1 AND `is_promit` = 1 LIMIT 1   [ RunTime:0.0015s ]
INFO: [ view_parse ] --START--
INFO: [ template_filter ] --START--
INFO: Run Behavior\ContentReplaceBehavior [ RunTime:0.000044s ]
INFO: [ template_filter ] --END-- [ RunTime:0.000082s ]
NOTIC: [8] Undefined variable: url /phpstudy/www/www.wayofun.com/Application/Runtime/Cache/Home/ce7352f284dc0bd7cc515513e5b55e8a.php 第 368 行.
NOTIC: [8] Undefined variable: url /phpstudy/www/www.wayofun.com/Application/Runtime/Cache/Home/ce7352f284dc0bd7cc515513e5b55e8a.php 第 369 行.
NOTIC: [8] Undefined variable: login /phpstudy/www/www.wayofun.com/Application/Runtime/Cache/Home/ce7352f284dc0bd7cc515513e5b55e8a.php 第 371 行.
NOTIC: [8] Undefined variable: login /phpstudy/www/www.wayofun.com/Application/Runtime/Cache/Home/ce7352f284dc0bd7cc515513e5b55e8a.php 第 375 行.
NOTIC: [8] Undefined variable: login /phpstudy/www/www.wayofun.com/Application/Runtime/Cache/Home/ce7352f284dc0bd7cc515513e5b55e8a.php 第 377 行.
INFO: Run Behavior\ParseTemplateBehavior [ RunTime:0.007171s ]
INFO: [ view_parse ] --END-- [ RunTime:0.007221s ]
INFO: [ view_filter ] --START--
INFO: Run Behavior\WriteHtmlCacheBehavior [ RunTime:0.000097s ]
INFO: [ view_filter ] --END-- [ RunTime:0.000121s ]
NOTIC: [8] Undefined index: sreach /phpstudy/www/www.wayofun.com/Application/Home/Controller/HomeController.class.php 第 165 行.
INFO: [ app_end ] --START--
INFO: Run Behavior\ShowPageTraceBehavior [ RunTime:0.000289s ]
INFO: [ app_end ] --END-- [ RunTime:0.000316s ]

[ 2017-12-07T11:25:45+08:00 ] 106.11.226.180 /
INFO: [ app_init ] --START--
INFO: Run Behavior\BuildLiteBehavior [ RunTime:0.000011s ]
INFO: [ app_init ] --END-- [ RunTime:0.000241s ]
INFO: [ app_begin ] --START--
INFO: Run Behavior\ReadHtmlCacheBehavior [ RunTime:0.000290s ]
INFO: [ app_begin ] --END-- [ RunTime:0.000324s ]
INFO: [ view_parse ] --START--
INFO: [ template_filter ] --START--
INFO: Run Behavior\ContentReplaceBehavior [ RunTime:0.000034s ]
INFO: [ template_filter ] --END-- [ RunTime:0.000072s ]
INFO: Run Behavior\ParseTemplateBehavior [ RunTime:0.006694s ]
INFO: [ view_parse ] --END-- [ RunTime:0.006729s ]
INFO: [ view_filter ] --START--
INFO: Run Behavior\WriteHtmlCacheBehavior [ RunTime:0.000101s ]
INFO: [ view_filter ] --END-- [ RunTime:0.000127s ]
INFO: [ app_end ] --START--
INFO: Run Behavior\ShowPageTraceBehavior [ RunTime:0.000303s ]
INFO: [ app_end ] --END-- [ RunTime:0.000341s ]

[ 2017-12-07T12:04:20+08:00 ] 106.11.153.202 /index.php/Home/Home/wenzhang.html
INFO: [ app_init ] --START--
INFO: Run Behavior\BuildLiteBehavior [ RunTime:0.000011s ]
INFO: [ app_init ] --END-- [ RunTime:0.000234s ]
INFO: [ app_begin ] --START--
INFO: Run Behavior\ReadHtmlCacheBehavior [ RunTime:0.000294s ]
INFO: [ app_begin ] --END-- [ RunTime:0.000330s ]
SQL: SHOW COLUMNS FROM `users` [ RunTime:0.0020s ]
SQL: SHOW COLUMNS FROM `essay` [ RunTime:0.0018s ]
NOTIC: [8] Undefined index: p /phpstudy/www/www.wayofun.com/Application/Home/Controller/HomeController.class.php 第 92 行.
SQL: SELECT * FROM `essay` RIGHT JOIN users ON essay.uid = users.id  WHERE `status` = '1' AND `is_promit` = '1' AND `kind` = '2' ORDER BY create_time desc LIMIT 0,10   [ RunTime:0.0020s ]
SQL: SELECT * FROM `essay` WHERE `status` = 1 AND `is_promit` = 1 ORDER BY create_time desc LIMIT 8   [ RunTime:0.0016s ]
SQL: SELECT COUNT(*) AS tp_count FROM `essay` WHERE `status` = 1 AND `is_promit` = 1 AND `kind` = '2' LIMIT 1   [ RunTime:0.0015s ]
INFO: [ view_parse ] --START--
INFO: [ template_filter ] --START--
INFO: Run Behavior\ContentReplaceBehavior [ RunTime:0.000039s ]
INFO: [ template_filter ] --END-- [ RunTime:0.000072s ]
NOTIC: [8] Undefined variable: url /phpstudy/www/www.wayofun.com/Application/Runtime/Cache/Home/cf5506bc6bba235ce07a25d3d4d1009d.php 第 368 行.
NOTIC: [8] Undefined variable: url /phpstudy/www/www.wayofun.com/Application/Runtime/Cache/Home/cf5506bc6bba235ce07a25d3d4d1009d.php 第 369 行.
NOTIC: [8] Undefined variable: login /phpstudy/www/www.wayofun.com/Application/Runtime/Cache/Home/cf5506bc6bba235ce07a25d3d4d1009d.php 第 371 行.
NOTIC: [8] Undefined variable: login /phpstudy/www/www.wayofun.com/Application/Runtime/Cache/Home/cf5506bc6bba235ce07a25d3d4d1009d.php 第 375 行.
NOTIC: [8] Undefined variable: login /phpstudy/www/www.wayofun.com/Application/Runtime/Cache/Home/cf5506bc6bba235ce07a25d3d4d1009d.php 第 377 行.
INFO: Run Behavior\ParseTemplateBehavior [ RunTime:0.006983s ]
INFO: [ view_parse ] --END-- [ RunTime:0.007017s ]
INFO: [ view_filter ] --START--
INFO: Run Behavior\WriteHtmlCacheBehavior [ RunTime:0.000095s ]
INFO: [ view_filter ] --END-- [ RunTime:0.000120s ]
INFO: [ app_end ] --START--
INFO: Run Behavior\ShowPageTraceBehavior [ RunTime:0.000312s ]
INFO: [ app_end ] --END-- [ RunTime:0.000347s ]

[ 2017-12-07T13:20:47+08:00 ] 106.11.157.204 /index.php/Home/Home/suipian.html
INFO: [ app_init ] --START--
INFO: Run Behavior\BuildLiteBehavior [ RunTime:0.000011s ]
INFO: [ app_init ] --END-- [ RunTime:0.000242s ]
INFO: [ app_begin ] --START--
INFO: Run Behavior\ReadHtmlCacheBehavior [ RunTime:0.000300s ]
INFO: [ app_begin ] --END-- [ RunTime:0.000336s ]
SQL: SHOW COLUMNS FROM `users` [ RunTime:0.0021s ]
SQL: SHOW COLUMNS FROM `essay` [ RunTime:0.0018s ]
NOTIC: [8] Undefined index: p /phpstudy/www/www.wayofun.com/Application/Home/Controller/HomeController.class.php 第 49 行.
SQL: SELECT * FROM `essay` RIGHT JOIN users ON essay.uid = users.id  WHERE `status` = '1' AND `is_promit` = '1' AND `kind` = '1' ORDER BY create_time desc LIMIT 0,10   [ RunTime:0.0020s ]
SQL: SELECT * FROM `essay` WHERE `status` = 1 AND `is_promit` = 1 ORDER BY create_time desc LIMIT 8   [ RunTime:0.0016s ]
SQL: SELECT COUNT(*) AS tp_count FROM `essay` WHERE `status` = 1 AND `is_promit` = 1 AND `kind` = '1' LIMIT 1   [ RunTime:0.0015s ]
INFO: [ view_parse ] --START--
INFO: [ template_filter ] --START--
INFO: Run Behavior\ContentReplaceBehavior [ RunTime:0.000040s ]
INFO: [ template_filter ] --END-- [ RunTime:0.000074s ]
NOTIC: [8] Undefined variable: url /phpstudy/www/www.wayofun.com/Application/Runtime/Cache/Home/69f86745a6bc05d6f9e795bed79ad6de.php 第 368 行.
NOTIC: [8] Undefined variable: url /phpstudy/www/www.wayofun.com/Application/Runtime/Cache/Home/69f86745a6bc05d6f9e795bed79ad6de.php 第 369 行.
NOTIC: [8] Undefined variable: login /phpstudy/www/www.wayofun.com/Application/Runtime/Cache/Home/69f86745a6bc05d6f9e795bed79ad6de.php 第 371 行.
NOTIC: [8] Undefined variable: login /phpstudy/www/www.wayofun.com/Application/Runtime/Cache/Home/69f86745a6bc05d6f9e795bed79ad6de.php 第 375 行.
NOTIC: [8] Undefined variable: login /phpstudy/www/www.wayofun.com/Application/Runtime/Cache/Home/69f86745a6bc05d6f9e795bed79ad6de.php 第 377 行.
INFO: Run Behavior\ParseTemplateBehavior [ RunTime:0.006848s ]
INFO: [ view_parse ] --END-- [ RunTime:0.006881s ]
INFO: [ view_filter ] --START--
INFO: Run Behavior\WriteHtmlCacheBehavior [ RunTime:0.000100s ]
INFO: [ view_filter ] --END-- [ RunTime:0.000128s ]
INFO: [ app_end ] --START--
INFO: Run Behavior\ShowPageTraceBehavior [ RunTime:0.000309s ]
INFO: [ app_end ] --END-- [ RunTime:0.000342s ]

[ 2017-12-07T19:48:57+08:00 ] 27.17.62.186 http://www.wayofun.com/
INFO: [ app_init ] --START--
INFO: Run Behavior\BuildLiteBehavior [ RunTime:0.000011s ]
INFO: [ app_init ] --END-- [ RunTime:0.000234s ]
INFO: [ app_begin ] --START--
INFO: Run Behavior\ReadHtmlCacheBehavior [ RunTime:0.000278s ]
INFO: [ app_begin ] --END-- [ RunTime:0.000312s ]
INFO: [ view_parse ] --START--
INFO: [ template_filter ] --START--
INFO: Run Behavior\ContentReplaceBehavior [ RunTime:0.000031s ]
INFO: [ template_filter ] --END-- [ RunTime:0.000067s ]
INFO: Run Behavior\ParseTemplateBehavior [ RunTime:0.004163s ]
INFO: [ view_parse ] --END-- [ RunTime:0.004207s ]
INFO: [ view_filter ] --START--
INFO: Run Behavior\WriteHtmlCacheBehavior [ RunTime:0.000095s ]
INFO: [ view_filter ] --END-- [ RunTime:0.000122s ]
INFO: [ app_end ] --START--
INFO: Run Behavior\ShowPageTraceBehavior [ RunTime:0.000277s ]
INFO: [ app_end ] --END-- [ RunTime:0.000325s ]

